[[38;2;88;101;242marRPC[0m] arRPC v3.6.0
[[38;2;88;101;242marRPC[0m > [38;2;87;242;135mbridge[0m] listening on 1337
[[38;2;88;101;242marRPC[0m > [38;2;254;231;92mipc[0m] listening at /run/user/1000/discord-ipc-0
[[38;2;88;101;242marRPC[0m > [38;2;235;69;158mwebsocket[0m] listening on 6463
[[38;2;88;101;242marRPC[0m > [38;2;237;66;69mprocess[0m] started
[[38;2;88;101;242marRPC[0m > [38;2;87;242;135mbridge[0m] web connected
[[38;2;88;101;242marRPC[0m > [38;2;254;231;92mipc[0m] new connection!
[[38;2;88;101;242marRPC[0m > [38;2;87;242;135mbridge[0m] web disconnected
[[38;2;88;101;242marRPC[0m > [38;2;87;242;135mbridge[0m] web connected
[[38;2;88;101;242marRPC[0m > [38;2;254;231;92mipc[0m] new connection!
[[38;2;88;101;242marRPC[0m > [38;2;254;231;92mipc[0m] new connection!
[[38;2;88;101;242marRPC[0m > [38;2;87;242;135mbridge[0m] web disconnected
[[38;2;88;101;242marRPC[0m > [38;2;87;242;135mbridge[0m] web connected
[[38;2;88;101;242marRPC[0m > [38;2;254;231;92mipc[0m] new connection!
[[38;2;88;101;242marRPC[0m > [38;2;254;231;92mipc[0m] socket closed false
[[38;2;88;101;242marRPC[0m > [38;2;254;231;92mipc[0m] socket error Error: write EPIPE
    at afterWriteDispatched (node:internal/stream_base_commons:161:15)
    at writeGeneric (node:internal/stream_base_commons:152:3)
    at Socket._writeGeneric (node:net:958:11)
    at Socket._write (node:net:970:8)
    at writeOrBuffer (node:internal/streams/writable:572:12)
    at _write (node:internal/streams/writable:501:10)
    at Writable.write (node:internal/streams/writable:510:10)
    at socket.send (file:///home/river/.npm/_npx/3f570ea281d207f4/node_modules/arrpc/src/transports/ipc.js:238:16)
    at RPCServer.onMessage (file:///home/river/.npm/_npx/3f570ea281d207f4/node_modules/arrpc/src/server.js:93:24)
    at IPCServer.onMessage (file:///home/river/.npm/_npx/3f570ea281d207f4/node_modules/arrpc/src/transports/ipc.js:249:19) {
  errno: -32,
  code: 'EPIPE',
  syscall: 'write'
}
[[38;2;88;101;242marRPC[0m > [38;2;254;231;92mipc[0m] socket closed true
[[38;2;88;101;242marRPC[0m > [38;2;254;231;92mipc[0m] new connection!
[[38;2;88;101;242marRPC[0m > [38;2;87;242;135mbridge[0m] web disconnected
[[38;2;88;101;242marRPC[0m > [38;2;87;242;135mbridge[0m] web connected
[[38;2;88;101;242marRPC[0m > [38;2;87;242;135mbridge[0m] web disconnected
[[38;2;88;101;242marRPC[0m > [38;2;87;242;135mbridge[0m] web connected
[[38;2;88;101;242marRPC[0m > [38;2;87;242;135mbridge[0m] web disconnected
[[38;2;88;101;242marRPC[0m > [38;2;87;242;135mbridge[0m] web connected
[[38;2;88;101;242marRPC[0m > [38;2;87;242;135mbridge[0m] web disconnected
[[38;2;88;101;242marRPC[0m > [38;2;87;242;135mbridge[0m] web connected
[[38;2;88;101;242marRPC[0m > [38;2;254;231;92mipc[0m] new connection!
[[38;2;88;101;242marRPC[0m > [38;2;254;231;92mipc[0m] new connection!
[[38;2;88;101;242marRPC[0m > [38;2;254;231;92mipc[0m] socket error Error: write EPIPE
    at afterWriteDispatched (node:internal/stream_base_commons:161:15)
    at writeGeneric (node:internal/stream_base_commons:152:3)
    at Socket._writeGeneric (node:net:958:11)
    at Socket._write (node:net:970:8)
    at writeOrBuffer (node:internal/streams/writable:572:12)
    at _write (node:internal/streams/writable:501:10)
    at Writable.write (node:internal/streams/writable:510:10)
    at socket.send (file:///home/river/.npm/_npx/3f570ea281d207f4/node_modules/arrpc/src/transports/ipc.js:238:16)
    at RPCServer.onMessage (file:///home/river/.npm/_npx/3f570ea281d207f4/node_modules/arrpc/src/server.js:93:24)
    at IPCServer.onMessage (file:///home/river/.npm/_npx/3f570ea281d207f4/node_modules/arrpc/src/transports/ipc.js:249:19) {
  errno: -32,
  code: 'EPIPE',
  syscall: 'write'
}
[[38;2;88;101;242marRPC[0m > [38;2;254;231;92mipc[0m] socket closed true
[[38;2;88;101;242marRPC[0m > [38;2;254;231;92mipc[0m] socket error Error: write EPIPE
    at afterWriteDispatched (node:internal/stream_base_commons:161:15)
    at writeGeneric (node:internal/stream_base_commons:152:3)
    at Socket._writeGeneric (node:net:958:11)
    at Socket._write (node:net:970:8)
    at writeOrBuffer (node:internal/streams/writable:572:12)
    at _write (node:internal/streams/writable:501:10)
    at Writable.write (node:internal/streams/writable:510:10)
    at socket.send (file:///home/river/.npm/_npx/3f570ea281d207f4/node_modules/arrpc/src/transports/ipc.js:238:16)
    at RPCServer.onMessage (file:///home/river/.npm/_npx/3f570ea281d207f4/node_modules/arrpc/src/server.js:93:24)
    at IPCServer.onMessage (file:///home/river/.npm/_npx/3f570ea281d207f4/node_modules/arrpc/src/transports/ipc.js:249:19) {
  errno: -32,
  code: 'EPIPE',
  syscall: 'write'
}
[[38;2;88;101;242marRPC[0m > [38;2;254;231;92mipc[0m] socket closed true
[[38;2;88;101;242marRPC[0m > [38;2;254;231;92mipc[0m] socket closed false
[[38;2;88;101;242marRPC[0m > [38;2;87;242;135mbridge[0m] web disconnected
[[38;2;88;101;242marRPC[0m > [38;2;87;242;135mbridge[0m] web connected
[[38;2;88;101;242marRPC[0m > [38;2;87;242;135mbridge[0m] web disconnected
[[38;2;88;101;242marRPC[0m > [38;2;87;242;135mbridge[0m] web connected
[[38;2;88;101;242marRPC[0m > [38;2;254;231;92mipc[0m] new connection!
[[38;2;88;101;242marRPC[0m > [38;2;87;242;135mbridge[0m] web disconnected
[[38;2;88;101;242marRPC[0m > [38;2;254;231;92mipc[0m] socket error Error: write EPIPE
    at afterWriteDispatched (node:internal/stream_base_commons:161:15)
    at writeGeneric (node:internal/stream_base_commons:152:3)
    at Socket._writeGeneric (node:net:958:11)
    at Socket._write (node:net:970:8)
    at writeOrBuffer (node:internal/streams/writable:572:12)
    at _write (node:internal/streams/writable:501:10)
    at Writable.write (node:internal/streams/writable:510:10)
    at socket.send (file:///home/river/.npm/_npx/3f570ea281d207f4/node_modules/arrpc/src/transports/ipc.js:238:16)
    at RPCServer.onMessage (file:///home/river/.npm/_npx/3f570ea281d207f4/node_modules/arrpc/src/server.js:93:24)
    at IPCServer.onMessage (file:///home/river/.npm/_npx/3f570ea281d207f4/node_modules/arrpc/src/transports/ipc.js:249:19) {
  errno: -32,
  code: 'EPIPE',
  syscall: 'write'
}
[[38;2;88;101;242marRPC[0m > [38;2;254;231;92mipc[0m] socket closed true
[[38;2;88;101;242marRPC[0m > [38;2;87;242;135mbridge[0m] web connected
[[38;2;88;101;242marRPC[0m > [38;2;87;242;135mbridge[0m] web disconnected
[[38;2;88;101;242marRPC[0m > [38;2;254;231;92mipc[0m] new connection!
[[38;2;88;101;242marRPC[0m > [38;2;254;231;92mipc[0m] socket error Error: write EPIPE
    at afterWriteDispatched (node:internal/stream_base_commons:161:15)
    at writeGeneric (node:internal/stream_base_commons:152:3)
    at Socket._writeGeneric (node:net:958:11)
    at Socket._write (node:net:970:8)
    at writeOrBuffer (node:internal/streams/writable:572:12)
    at _write (node:internal/streams/writable:501:10)
    at Writable.write (node:internal/streams/writable:510:10)
    at socket.send (file:///home/river/.npm/_npx/3f570ea281d207f4/node_modules/arrpc/src/transports/ipc.js:238:16)
    at RPCServer.onMessage (file:///home/river/.npm/_npx/3f570ea281d207f4/node_modules/arrpc/src/server.js:93:24)
    at IPCServer.onMessage (file:///home/river/.npm/_npx/3f570ea281d207f4/node_modules/arrpc/src/transports/ipc.js:249:19) {
  errno: -32,
  code: 'EPIPE',
  syscall: 'write'
}
[[38;2;88;101;242marRPC[0m > [38;2;254;231;92mipc[0m] socket closed true
[[38;2;88;101;242marRPC[0m > [38;2;87;242;135mbridge[0m] web connected
[[38;2;88;101;242marRPC[0m > [38;2;87;242;135mbridge[0m] web disconnected
[[38;2;88;101;242marRPC[0m > [38;2;87;242;135mbridge[0m] web connected
[[38;2;88;101;242marRPC[0m > [38;2;87;242;135mbridge[0m] web disconnected
[[38;2;88;101;242marRPC[0m > [38;2;87;242;135mbridge[0m] web connected
[[38;2;88;101;242marRPC[0m > [38;2;87;242;135mbridge[0m] web disconnected
[[38;2;88;101;242marRPC[0m > [38;2;87;242;135mbridge[0m] web connected
[[38;2;88;101;242marRPC[0m > [38;2;87;242;135mbridge[0m] web disconnected
[[38;2;88;101;242marRPC[0m > [38;2;254;231;92mipc[0m] new connection!
[[38;2;88;101;242marRPC[0m > [38;2;254;231;92mipc[0m] socket error Error: write EPIPE
    at afterWriteDispatched (node:internal/stream_base_commons:161:15)
    at writeGeneric (node:internal/stream_base_commons:152:3)
    at Socket._writeGeneric (node:net:958:11)
    at Socket._write (node:net:970:8)
    at writeOrBuffer (node:internal/streams/writable:572:12)
    at _write (node:internal/streams/writable:501:10)
    at Writable.write (node:internal/streams/writable:510:10)
    at socket.send (file:///home/river/.npm/_npx/3f570ea281d207f4/node_modules/arrpc/src/transports/ipc.js:238:16)
    at RPCServer.onMessage (file:///home/river/.npm/_npx/3f570ea281d207f4/node_modules/arrpc/src/server.js:93:24)
    at IPCServer.onMessage (file:///home/river/.npm/_npx/3f570ea281d207f4/node_modules/arrpc/src/transports/ipc.js:249:19) {
  errno: -32,
  code: 'EPIPE',
  syscall: 'write'
}
[[38;2;88;101;242marRPC[0m > [38;2;254;231;92mipc[0m] socket closed true
[[38;2;88;101;242marRPC[0m > [38;2;254;231;92mipc[0m] new connection!
[[38;2;88;101;242marRPC[0m > [38;2;254;231;92mipc[0m] socket error Error: write EPIPE
    at afterWriteDispatched (node:internal/stream_base_commons:161:15)
    at writeGeneric (node:internal/stream_base_commons:152:3)
    at Socket._writeGeneric (node:net:958:11)
    at Socket._write (node:net:970:8)
    at writeOrBuffer (node:internal/streams/writable:572:12)
    at _write (node:internal/streams/writable:501:10)
    at Writable.write (node:internal/streams/writable:510:10)
    at socket.send (file:///home/river/.npm/_npx/3f570ea281d207f4/node_modules/arrpc/src/transports/ipc.js:238:16)
    at RPCServer.onMessage (file:///home/river/.npm/_npx/3f570ea281d207f4/node_modules/arrpc/src/server.js:93:24)
    at IPCServer.onMessage (file:///home/river/.npm/_npx/3f570ea281d207f4/node_modules/arrpc/src/transports/ipc.js:249:19) {
  errno: -32,
  code: 'EPIPE',
  syscall: 'write'
}
[[38;2;88;101;242marRPC[0m > [38;2;254;231;92mipc[0m] socket closed true
[[38;2;88;101;242marRPC[0m > [38;2;254;231;92mipc[0m] new connection!
[[38;2;88;101;242marRPC[0m > [38;2;254;231;92mipc[0m] socket closed false
[[38;2;88;101;242marRPC[0m > [38;2;254;231;92mipc[0m] new connection!
[[38;2;88;101;242marRPC[0m > [38;2;254;231;92mipc[0m] socket error Error: write EPIPE
    at afterWriteDispatched (node:internal/stream_base_commons:161:15)
    at writeGeneric (node:internal/stream_base_commons:152:3)
    at Socket._writeGeneric (node:net:958:11)
    at Socket._write (node:net:970:8)
    at writeOrBuffer (node:internal/streams/writable:572:12)
    at _write (node:internal/streams/writable:501:10)
    at Writable.write (node:internal/streams/writable:510:10)
    at socket.send (file:///home/river/.npm/_npx/3f570ea281d207f4/node_modules/arrpc/src/transports/ipc.js:238:16)
    at RPCServer.onMessage (file:///home/river/.npm/_npx/3f570ea281d207f4/node_modules/arrpc/src/server.js:93:24)
    at IPCServer.onMessage (file:///home/river/.npm/_npx/3f570ea281d207f4/node_modules/arrpc/src/transports/ipc.js:249:19) {
  errno: -32,
  code: 'EPIPE',
  syscall: 'write'
}
[[38;2;88;101;242marRPC[0m > [38;2;254;231;92mipc[0m] socket closed true
[[38;2;88;101;242marRPC[0m > [38;2;254;231;92mipc[0m] new connection!
[[38;2;88;101;242marRPC[0m > [38;2;254;231;92mipc[0m] new connection!
[[38;2;88;101;242marRPC[0m > [38;2;254;231;92mipc[0m] new connection!
[[38;2;88;101;242marRPC[0m > [38;2;254;231;92mipc[0m] new connection!
[[38;2;88;101;242marRPC[0m > [38;2;254;231;92mipc[0m] new connection!
[[38;2;88;101;242marRPC[0m > [38;2;254;231;92mipc[0m] socket error Error: write EPIPE
    at afterWriteDispatched (node:internal/stream_base_commons:161:15)
    at writeGeneric (node:internal/stream_base_commons:152:3)
    at Socket._writeGeneric (node:net:958:11)
    at Socket._write (node:net:970:8)
    at writeOrBuffer (node:internal/streams/writable:572:12)
    at _write (node:internal/streams/writable:501:10)
    at Writable.write (node:internal/streams/writable:510:10)
    at socket.send (file:///home/river/.npm/_npx/3f570ea281d207f4/node_modules/arrpc/src/transports/ipc.js:238:16)
    at RPCServer.onMessage (file:///home/river/.npm/_npx/3f570ea281d207f4/node_modules/arrpc/src/server.js:93:24)
    at IPCServer.onMessage (file:///home/river/.npm/_npx/3f570ea281d207f4/node_modules/arrpc/src/transports/ipc.js:249:19) {
  errno: -32,
  code: 'EPIPE',
  syscall: 'write'
}
[[38;2;88;101;242marRPC[0m > [38;2;254;231;92mipc[0m] socket closed true
[[38;2;88;101;242marRPC[0m > [38;2;254;231;92mipc[0m] socket error Error: write EPIPE
    at afterWriteDispatched (node:internal/stream_base_commons:161:15)
    at writeGeneric (node:internal/stream_base_commons:152:3)
    at Socket._writeGeneric (node:net:958:11)
    at Socket._write (node:net:970:8)
    at writeOrBuffer (node:internal/streams/writable:572:12)
    at _write (node:internal/streams/writable:501:10)
    at Writable.write (node:internal/streams/writable:510:10)
    at socket.send (file:///home/river/.npm/_npx/3f570ea281d207f4/node_modules/arrpc/src/transports/ipc.js:238:16)
    at RPCServer.onMessage (file:///home/river/.npm/_npx/3f570ea281d207f4/node_modules/arrpc/src/server.js:93:24)
    at IPCServer.onMessage (file:///home/river/.npm/_npx/3f570ea281d207f4/node_modules/arrpc/src/transports/ipc.js:249:19) {
  errno: -32,
  code: 'EPIPE',
  syscall: 'write'
}
[[38;2;88;101;242marRPC[0m > [38;2;254;231;92mipc[0m] socket closed true
